#
# A fatal error has been detected by the Java Runtime Environment:
#
#  SIGSEGV (0xb) at pc=0x0000000000000000, pid=1298, tid=0x0000000000002507
#
# JRE version: Java(TM) SE Runtime Environment (8.0_152-b16) (build 1.8.0_152-b16)
# Java VM: Java HotSpot(TM) 64-Bit Server VM (25.152-b16 mixed mode bsd-amd64 compressed oops)
# Problematic frame:
# C  0x0000000000000000
#
# Failed to write core dump. Core dumps have been disabled. To enable core dumping, try "ulimit -c unlimited" before starting Java again
#
# If you would like to submit a bug report, please visit:
#   http://bugreport.java.com/bugreport/crash.jsp
#

---------------  T H R E A D  ---------------

Current thread (0x00007f9cc480a000):  GCTaskThread [stack: 0x000070000495c000,0x0000700004a5c000] [id=9479]

siginfo: si_signo: 11 (SIGSEGV), si_code: 1 (SEGV_MAPERR), si_addr: 0x0000000000000000

Registers:
RAX=0x000000010a92d0a0, RBX=0x00007f9cc3c0f080, RCX=0x0000000000002503, RDX=0x0000000780766f68
RSP=0x0000700004a5bc78, RBP=0x0000700004a5bd00, RSI=0x00007f9cc3c0f080, RDI=0x00000007c00016f0
R8 =0x000000000000000f, R9 =0x000000000000a06c, R10=0x1290802012214101, R11=0x0000000000000800
R12=0x0000000780766f68, R13=0x0000000107180f3b, R14=0x00007f9cc3c0f088, R15=0x00000001073adad0
RIP=0x0000000000000000, EFLAGS=0x0000000000010206, ERR=0x0000000000000014
  TRAPNO=0x000000000000000e

Top of Stack: (sp=0x0000700004a5bc78)
0x0000700004a5bc78:   0000000107029e9c 0000000000000000
0x0000700004a5bc88:   00007f9cc3c0f0c0 00007f9cc3c0f108
0x0000700004a5bc98:   00007f9cc3c0f140 0000700004a5bcd0
0x0000700004a5bca8:   0000000106e2fd0f 0000000780766f68
0x0000700004a5bcb8:   0000700004a5bda8 0000000000000078
0x0000700004a5bcc8:   00000001074774a0 0000700004a5bd00
0x0000700004a5bcd8:   00007f9cc3c0f080 0000000000000000
0x0000700004a5bce8:   0000000107180f3b 0000700004a5bda8
0x0000700004a5bcf8:   0000000000000001 0000700004a5bdd0
0x0000700004a5bd08:   000000010701ca23 00007f9cc3c09b84
0x0000700004a5bd18:   000000007fffff80 0000000000000000
0x0000700004a5bd28:   00007f9cc3c09b68 0000700004a5bd80
0x0000700004a5bd38:   00007fff5cb36caa 00007f9cc3c09b68
0x0000700004a5bd48:   0000000000000001 0000700000000000
0x0000700004a5bd58:   00007f9cc3c09b00 0000000000000000
0x0000700004a5bd68:   000000010715d9e9 00007f9cc3c09b28
0x0000700004a5bd78:   0000000000000002 0000700004a5bda0
0x0000700004a5bd88:   0000000106ff40f2 00000001074460c0
0x0000700004a5bd98:   00007f9cc3c07b00 0000700004a5bda8
0x0000700004a5bda8:   0000000107446090 00007f9cc3c07c00
0x0000700004a5bdb8:   00007f9cc3c0f080 00007f9cc480a000
0x0000700004a5bdc8:   00007f9cc3d15d90 0000700004a5beb0
0x0000700004a5bdd8:   0000000106de2a0b 0000700004a5be10
0x0000700004a5bde8:   00007f9cc3c07ea0 00007f9cc3c07ed0
0x0000700004a5bdf8:   00007f9cc3c07ee0 00007f9cc3c082b8
0x0000700004a5be08:   00000000000003d8 00007f9cc480a000
0x0000700004a5be18:   00007f9cc3c082c0 00007f9cc3c08300
0x0000700004a5be28:   00007f9cc3c08310 00007f9cc3c083e8
0x0000700004a5be38:   00000000000000d8 0000700004a5be50
0x0000700004a5be48:   0000000000000000 00007f9cc480a000
0x0000700004a5be58:   00007f9cc3c082c0 00007f9cc3c08300
0x0000700004a5be68:   00007f9cc3c08310 00007f9cc3c083e8 

Instructions: (pc=0x0000000000000000)
0xffffffffffffffe0:   

Register to memory mapping:

RAX=0x000000010a92d0a0 is pointing into metadata
RBX=0x00007f9cc3c0f080 is an unknown value
RCX=0x0000000000002503 is an unknown value
RDX=